{
  "RSpec": {
    "coverage": {
      "/Users/dwyn/Development/SC/SGs/RailsSandBox/spec/controllers/users_controller_spec.rb": [
        null,
        null,
        null,
        null,
        null,
        null,
        null,
        null,
        null,
        null,
        null,
        null,
        null,
        null,
        null,
        null,
        null,
        null,
        null
      ],
      "/Users/dwyn/Development/SC/SGs/RailsSandBox/spec/features/users_spec.rb": [
        1,
        null,
        null,
        null,
        null,
        null,
        null,
        null,
        null,
        null,
        null,
        null,
        null,
        1,
        1,
        1,
        null,
        1,
        null,
        1,
        1,
        1,
        1,
        1,
        1,
        null,
        null,
        1,
        1,
        null,
        null,
        null,
        1,
        1,
        null,
        1,
        1,
        1,
        1,
        1,
        null,
        null,
        1,
        0,
        null,
        null,
        null
      ],
      "/Users/dwyn/Development/SC/SGs/RailsSandBox/spec/rails_helper.rb": [
        null,
        1,
        1,
        1,
        null,
        1,
        1,
        1,
        null,
        null,
        null,
        null,
        null,
        null,
        null,
        null,
        null,
        null,
        null,
        null,
        null,
        null,
        null,
        null,
        null,
        null,
        null,
        null,
        1,
        null,
        0,
        0,
        null,
        1,
        null,
        1,
        null,
        null,
        null,
        null,
        1,
        null,
        null,
        null,
        null,
        null,
        null,
        null,
        null,
        null,
        null,
        null,
        null,
        null,
        null,
        1,
        null,
        null,
        1,
        null,
        null,
        null
      ],
      "/Users/dwyn/Development/SC/SGs/RailsSandBox/config/environment.rb": [
        null,
        1,
        null,
        null,
        1
      ],
      "/Users/dwyn/Development/SC/SGs/RailsSandBox/config/application.rb": [
        1,
        null,
        1,
        null,
        1,
        1,
        1,
        1,
        1,
        1,
        1,
        1,
        1,
        null,
        null,
        null,
        null,
        1,
        null,
        1,
        1,
        null,
        1,
        null,
        null,
        null,
        null,
        null,
        null,
        null,
        1,
        null,
        null
      ],
      "/Users/dwyn/Development/SC/SGs/RailsSandBox/config/boot.rb": [
        1,
        null,
        1,
        1
      ],
      "/Users/dwyn/Development/SC/SGs/RailsSandBox/config/environments/test.rb": [
        1,
        null,
        null,
        null,
        null,
        null,
        null,
        1,
        null,
        null,
        null,
        null,
        1,
        null,
        null,
        1,
        1,
        null,
        null,
        null,
        null,
        1,
        1,
        null,
        null,
        1,
        null,
        null,
        1,
        null,
        null,
        1,
        null,
        1,
        null,
        null,
        null,
        null,
        1,
        null,
        null,
        1,
        null,
        null,
        null,
        null
      ],
      "/Users/dwyn/Development/SC/SGs/RailsSandBox/config/initializers/application_controller_renderer.rb": [
        null,
        null,
        null,
        null,
        null,
        null,
        null,
        null
      ],
      "/Users/dwyn/Development/SC/SGs/RailsSandBox/config/initializers/assets.rb": [
        null,
        null,
        null,
        1,
        null,
        null,
        null,
        null,
        1,
        null,
        null,
        null,
        null,
        null
      ],
      "/Users/dwyn/Development/SC/SGs/RailsSandBox/config/initializers/backtrace_silencers.rb": [
        null,
        null,
        null,
        null,
        null,
        null,
        null
      ],
      "/Users/dwyn/Development/SC/SGs/RailsSandBox/config/initializers/content_security_policy.rb": [
        null,
        null,
        null,
        null,
        null,
        null,
        null,
        null,
        null,
        null,
        null,
        null,
        null,
        null,
        null,
        null,
        null,
        null,
        null,
        null,
        null,
        null,
        null,
        null,
        null
      ],
      "/Users/dwyn/Development/SC/SGs/RailsSandBox/config/initializers/cookies_serializer.rb": [
        null,
        null,
        null,
        null,
        1
      ],
      "/Users/dwyn/Development/SC/SGs/RailsSandBox/config/initializers/filter_parameter_logging.rb": [
        null,
        null,
        null,
        1
      ],
      "/Users/dwyn/Development/SC/SGs/RailsSandBox/config/initializers/inflections.rb": [
        null,
        null,
        null,
        null,
        null,
        null,
        null,
        null,
        null,
        null,
        null,
        null,
        null,
        null,
        null,
        null
      ],
      "/Users/dwyn/Development/SC/SGs/RailsSandBox/config/initializers/mime_types.rb": [
        null,
        null,
        null,
        null
      ],
      "/Users/dwyn/Development/SC/SGs/RailsSandBox/config/initializers/wrap_parameters.rb": [
        null,
        null,
        null,
        null,
        null,
        null,
        1,
        2,
        null,
        null,
        null,
        null,
        null,
        null
      ],
      "/Users/dwyn/Development/SC/SGs/RailsSandBox/config/routes.rb": [
        1,
        null,
        1,
        null,
        1,
        1,
        null,
        null,
        null
      ],
      "/Users/dwyn/Development/SC/SGs/RailsSandBox/app/helpers/application_helper.rb": [
        1,
        null
      ],
      "/Users/dwyn/Development/SC/SGs/RailsSandBox/app/helpers/artists_helper.rb": [
        1,
        null
      ],
      "/Users/dwyn/Development/SC/SGs/RailsSandBox/app/helpers/sessions_helper.rb": [
        1,
        null
      ],
      "/Users/dwyn/Development/SC/SGs/RailsSandBox/app/helpers/songs_helper.rb": [
        1,
        null
      ],
      "/Users/dwyn/Development/SC/SGs/RailsSandBox/app/helpers/users_helper.rb": [
        1,
        null
      ],
      "/Users/dwyn/Development/SC/SGs/RailsSandBox/app/helpers/welcome_helper.rb": [
        1,
        null
      ],
      "/Users/dwyn/Development/SC/SGs/RailsSandBox/spec/helpers/artists_helper_spec.rb": [
        null,
        null,
        null,
        null,
        null,
        null,
        null,
        null,
        null,
        null,
        null,
        null,
        null,
        null,
        null
      ],
      "/Users/dwyn/Development/SC/SGs/RailsSandBox/spec/helpers/sessions_helper_spec.rb": [
        null,
        null,
        null,
        null,
        null,
        null,
        null,
        null,
        null,
        null,
        null,
        null,
        null,
        null,
        null
      ],
      "/Users/dwyn/Development/SC/SGs/RailsSandBox/spec/helpers/songs_helper_spec.rb": [
        null,
        null,
        null,
        null,
        null,
        null,
        null,
        null,
        null,
        null,
        null,
        null,
        null,
        null,
        null
      ],
      "/Users/dwyn/Development/SC/SGs/RailsSandBox/spec/helpers/users_helper_spec.rb": [
        null,
        null,
        null,
        null,
        null,
        null,
        null,
        null,
        null,
        null,
        null,
        null,
        null,
        null,
        null
      ],
      "/Users/dwyn/Development/SC/SGs/RailsSandBox/spec/helpers/welcome_helper_spec.rb": [
        null,
        null,
        null,
        null,
        null,
        null,
        null,
        null,
        null,
        null,
        null,
        null,
        null,
        null,
        null
      ],
      "/Users/dwyn/Development/SC/SGs/RailsSandBox/spec/models/song_spec.rb": [
        null,
        null,
        null,
        null,
        null,
        null,
        null,
        null,
        null,
        null,
        null,
        null,
        null,
        null,
        null,
        null,
        null,
        null,
        null,
        null,
        null,
        null,
        null,
        null,
        null,
        null,
        null,
        null,
        null,
        null,
        null,
        null,
        null,
        null,
        null,
        null,
        null,
        null,
        null,
        null,
        null,
        null,
        null,
        null,
        null,
        null,
        null,
        null
      ],
      "/Users/dwyn/Development/SC/SGs/RailsSandBox/spec/models/user_spec.rb": [
        null,
        null,
        null,
        null,
        null,
        null,
        null,
        null,
        null,
        null,
        null,
        null,
        null,
        null,
        null,
        null,
        null,
        null,
        null,
        null,
        null,
        null,
        null,
        null,
        null,
        null,
        null,
        null,
        null,
        null,
        null,
        null,
        null,
        null,
        null,
        null,
        null,
        null,
        null,
        null,
        null,
        null,
        null,
        null,
        null,
        null,
        null,
        null,
        null,
        null,
        null,
        null,
        null
      ],
      "/Users/dwyn/Development/SC/SGs/RailsSandBox/app/controllers/users_controller.rb": [
        1,
        null,
        null,
        1,
        1,
        null,
        null,
        1,
        2,
        null,
        null,
        1,
        null,
        2,
        null,
        null,
        null,
        null,
        null,
        1,
        1,
        null,
        0,
        null,
        null,
        null,
        1,
        1,
        6,
        null,
        null,
        null
      ],
      "/Users/dwyn/Development/SC/SGs/RailsSandBox/app/controllers/application_controller.rb": [
        1,
        null,
        1,
        null,
        1,
        0,
        null,
        null,
        1,
        0,
        null,
        null,
        null
      ],
      "/Users/dwyn/Development/SC/SGs/RailsSandBox/app/models/user.rb": [
        1,
        1,
        null
      ],
      "/Users/dwyn/Development/SC/SGs/RailsSandBox/app/models/application_record.rb": [
        1,
        1,
        null
      ]
    },
    "timestamp": 1567640138
  }
}
